{"C:\\Users\\Slike\\proga\\Internet_proga\\practice_3,7-vue_site\\vue-victorina_vitest\\src\\App.vue": {"path":"C:\\Users\\Slike\\proga\\Internet_proga\\practice_3,7-vue_site\\vue-victorina_vitest\\src\\App.vue","statementMap":{"0":{"start":{"line":22,"column":18},"end":{"line":22,"column":null}},"1":{"start":{"line":23,"column":6},"end":{"line":23,"column":null}},"2":{"start":{"line":24,"column":6},"end":{"line":24,"column":null}},"3":{"start":{"line":25,"column":6},"end":{"line":25,"column":null}},"4":{"start":{"line":26,"column":6},"end":{"line":26,"column":null}},"5":{"start":{"line":27,"column":6},"end":{"line":27,"column":null}},"6":{"start":{"line":27,"column":39},"end":{"line":27,"column":77}},"7":{"start":{"line":28,"column":6},"end":{"line":28,"column":null}},"8":{"start":{"line":29,"column":21},"end":{"line":36,"column":null}},"9":{"start":{"line":30,"column":2},"end":{"line":30,"column":null}},"10":{"start":{"line":30,"column":24},"end":{"line":30,"column":null}},"11":{"start":{"line":31,"column":2},"end":{"line":31,"column":null}},"12":{"start":{"line":32,"column":2},"end":{"line":32,"column":null}},"13":{"start":{"line":33,"column":2},"end":{"line":35,"column":null}},"14":{"start":{"line":34,"column":4},"end":{"line":34,"column":null}},"15":{"start":{"line":37,"column":21},"end":{"line":45,"column":null}},"16":{"start":{"line":38,"column":2},"end":{"line":44,"column":null}},"17":{"start":{"line":39,"column":4},"end":{"line":39,"column":null}},"18":{"start":{"line":40,"column":4},"end":{"line":40,"column":null}},"19":{"start":{"line":41,"column":4},"end":{"line":41,"column":null}},"20":{"start":{"line":43,"column":4},"end":{"line":43,"column":null}},"21":{"start":{"line":46,"column":6},"end":{"line":56,"column":null}},"22":{"start":{"line":47,"column":2},"end":{"line":47,"column":null}},"23":{"start":{"line":47,"column":30},"end":{"line":47,"column":null}},"24":{"start":{"line":48,"column":2},"end":{"line":50,"column":null}},"25":{"start":{"line":49,"column":4},"end":{"line":49,"column":null}},"26":{"start":{"line":51,"column":2},"end":{"line":55,"column":null}},"27":{"start":{"line":52,"column":4},"end":{"line":52,"column":null}},"28":{"start":{"line":54,"column":4},"end":{"line":54,"column":null}},"29":{"start":{"line":60,"column":7},"end":{"line":60,"column":null}},"30":{"start":{"line":63,"column":9},"end":{"line":63,"column":null}},"31":{"start":{"line":64,"column":11},"end":{"line":64,"column":null}},"32":{"start":{"line":67,"column":15},"end":{"line":67,"column":null}},"33":{"start":{"line":68,"column":17},"end":{"line":68,"column":null}},"34":{"start":{"line":73,"column":15},"end":{"line":73,"column":null}},"35":{"start":{"line":60,"column":2},"end":{"line":90,"column":null}},"36":{"start":{"line":74,"column":12},"end":{"line":82,"column":null}},"37":{"start":{"line":82,"column":22},"end":{"line":82,"column":null}}},"fnMap":{"0":{"name":"(anonymous_0)","decl":{"start":{"line":27,"column":33},"end":{"line":27,"column":39}},"loc":{"start":{"line":27,"column":39},"end":{"line":27,"column":77}},"line":27},"1":{"name":"(anonymous_1)","decl":{"start":{"line":29,"column":21},"end":{"line":29,"column":22}},"loc":{"start":{"line":29,"column":40},"end":{"line":36,"column":null}},"line":29},"2":{"name":"(anonymous_2)","decl":{"start":{"line":37,"column":21},"end":{"line":37,"column":27}},"loc":{"start":{"line":37,"column":27},"end":{"line":45,"column":null}},"line":37},"3":{"name":"(anonymous_3)","decl":{"start":{"line":46,"column":30},"end":{"line":46,"column":36}},"loc":{"start":{"line":46,"column":36},"end":{"line":56,"column":1}},"line":46},"4":{"name":"(anonymous_4)","decl":{"start":{"line":75,"column":63},"end":{"line":75,"column":null}},"loc":{"start":{"line":75,"column":35},"end":{"line":82,"column":null}},"line":75},"5":{"name":"(anonymous_5)","decl":{"start":{"line":82,"column":20},"end":{"line":82,"column":22}},"loc":{"start":{"line":82,"column":22},"end":{"line":82,"column":null}},"line":82}},"branchMap":{"0":{"loc":{"start":{"line":30,"column":2},"end":{"line":30,"column":null}},"type":"if","locations":[{"start":{"line":30,"column":2},"end":{"line":30,"column":null}},{"start":{},"end":{}}],"line":30},"1":{"loc":{"start":{"line":33,"column":2},"end":{"line":35,"column":null}},"type":"if","locations":[{"start":{"line":33,"column":2},"end":{"line":35,"column":null}},{"start":{},"end":{}}],"line":33},"2":{"loc":{"start":{"line":38,"column":2},"end":{"line":44,"column":null}},"type":"if","locations":[{"start":{"line":38,"column":2},"end":{"line":44,"column":null}},{"start":{"line":42,"column":9},"end":{"line":44,"column":null}}],"line":38},"3":{"loc":{"start":{"line":47,"column":2},"end":{"line":47,"column":null}},"type":"if","locations":[{"start":{"line":47,"column":2},"end":{"line":47,"column":null}},{"start":{},"end":{}}],"line":47},"4":{"loc":{"start":{"line":48,"column":2},"end":{"line":50,"column":null}},"type":"if","locations":[{"start":{"line":48,"column":2},"end":{"line":50,"column":null}},{"start":{},"end":{}}],"line":48},"5":{"loc":{"start":{"line":51,"column":2},"end":{"line":55,"column":null}},"type":"if","locations":[{"start":{"line":51,"column":2},"end":{"line":55,"column":null}},{"start":{"line":53,"column":9},"end":{"line":55,"column":null}}],"line":51},"6":{"loc":{"start":{"line":94,"column":8},"end":{"line":61,"column":64}},"type":"binary-expr","locations":[{"start":{"line":94,"column":8},"end":{"line":94,"column":null}},{"start":{"line":94,"column":8},"end":{"line":61,"column":64}}],"line":94},"7":{"loc":{"start":{"line":62,"column":4},"end":{"line":62,"column":66}},"type":"binary-expr","locations":[{"start":{"line":62,"column":4},"end":{"line":62,"column":9}},{"start":{"line":62,"column":4},"end":{"line":62,"column":66}}],"line":62},"8":{"loc":{"start":{"line":66,"column":25},"end":{"line":90,"column":null}},"type":"cond-expr","locations":[{"start":{"line":66,"column":25},"end":{"line":86,"column":null}},{"start":{"line":86,"column":8},"end":{"line":90,"column":null}}],"line":66},"9":{"loc":{"start":{"line":71,"column":33},"end":{"line":71,"column":69}},"type":"cond-expr","locations":[{"start":{"line":71,"column":33},"end":{"line":71,"column":69}},{"start":{"line":71,"column":53},"end":{"line":71,"column":69}}],"line":71}},"s":{"0":6,"1":6,"2":6,"3":6,"4":6,"5":6,"6":14,"7":6,"8":6,"9":10,"10":0,"11":10,"12":10,"13":10,"14":1,"15":6,"16":9,"17":8,"18":8,"19":8,"20":1,"21":6,"22":24,"23":0,"24":24,"25":14,"26":10,"27":1,"28":9,"29":1,"30":1,"31":1,"32":1,"33":1,"34":1,"35":25,"36":96,"37":10},"f":{"0":14,"1":10,"2":9,"3":24,"4":96,"5":10},"b":{"0":[0,10],"1":[1,9],"2":[8,1],"3":[0,24],"4":[14,10],"5":[1,9],"6":[25,6],"7":[25,6],"8":[24,1],"9":[10,14]},"meta":{"lastBranch":0,"lastFunction":0,"lastStatement":0,"seen":{}}}
,"C:\\Users\\Slike\\proga\\Internet_proga\\practice_3,7-vue_site\\vue-victorina_vitest\\src\\__tests__\\setup.ts": {"path":"C:\\Users\\Slike\\proga\\Internet_proga\\practice_3,7-vue_site\\vue-victorina_vitest\\src\\__tests__\\setup.ts","statementMap":{"0":{"start":{"line":4,"column":0},"end":{"line":9,"column":null}}},"fnMap":{},"branchMap":{},"s":{"0":0},"f":{},"b":{},"meta":{"lastBranch":0,"lastFunction":0,"lastStatement":1,"seen":{"s:4:0:9:Infinity":0}}}
,"C:\\Users\\Slike\\proga\\Internet_proga\\practice_3,7-vue_site\\vue-victorina_vitest\\src\\components\\AnswerComponent.vue": {"path":"C:\\Users\\Slike\\proga\\Internet_proga\\practice_3,7-vue_site\\vue-victorina_vitest\\src\\components\\AnswerComponent.vue","statementMap":{"0":{"start":{"line":12,"column":2},"end":{"line":23,"column":10}}},"fnMap":{},"branchMap":{"0":{"loc":{"start":{"line":13,"column":4},"end":{"line":13,"column":30}},"type":"binary-expr","locations":[{"start":{"line":13,"column":4},"end":{"line":13,"column":9}},{"start":{"line":13,"column":4},"end":{"line":13,"column":30}}],"line":13},"1":{"loc":{"start":{"line":14,"column":56},"end":{"line":14,"column":102}},"type":"binary-expr","locations":[{"start":{"line":14,"column":56},"end":{"line":14,"column":70}},{"start":{"line":14,"column":70},"end":{"line":14,"column":102}}],"line":14},"2":{"loc":{"start":{"line":14,"column":102},"end":{"line":14,"column":null}},"type":"binary-expr","locations":[{"start":{"line":14,"column":102},"end":{"line":14,"column":116}},{"start":{"line":14,"column":116},"end":{"line":14,"column":138}},{"start":{"line":14,"column":138},"end":{"line":14,"column":null}}],"line":14},"3":{"loc":{"start":{"line":20,"column":15},"end":{"line":20,"column":81}},"type":"cond-expr","locations":[{"start":{"line":20,"column":39},"end":{"line":20,"column":81}},{"start":{"line":20,"column":75},"end":{"line":20,"column":81}}],"line":20},"4":{"loc":{"start":{"line":20,"column":15},"end":{"line":20,"column":48}},"type":"binary-expr","locations":[{"start":{"line":20,"column":15},"end":{"line":20,"column":29}},{"start":{"line":20,"column":29},"end":{"line":20,"column":48}}],"line":20},"5":{"loc":{"start":{"line":21,"column":15},"end":{"line":23,"column":10}},"type":"cond-expr","locations":[{"start":{"line":21,"column":61},"end":{"line":23,"column":10}},{"start":{"line":23,"column":4},"end":{"line":23,"column":10}}],"line":21},"6":{"loc":{"start":{"line":21,"column":15},"end":{"line":21,"column":70}},"type":"binary-expr","locations":[{"start":{"line":21,"column":15},"end":{"line":21,"column":29}},{"start":{"line":21,"column":29},"end":{"line":21,"column":51}},{"start":{"line":21,"column":51},"end":{"line":21,"column":70}}],"line":21}},"s":{"0":101},"f":{},"b":{"0":[101,29],"1":[101,44],"2":[101,44,14],"3":[12,89],"4":[101,44],"5":[11,90],"6":[101,44,14]},"meta":{"lastBranch":0,"lastFunction":0,"lastStatement":0,"seen":{}}}
,"C:\\Users\\Slike\\proga\\Internet_proga\\practice_3,7-vue_site\\vue-victorina_vitest\\src\\components\\HelloWorld.vue": {"path":"C:\\Users\\Slike\\proga\\Internet_proga\\practice_3,7-vue_site\\vue-victorina_vitest\\src\\components\\HelloWorld.vue","statementMap":{"0":{"start":{"line":8,"column":7},"end":{"line":8,"column":null}},"1":{"start":{"line":9,"column":8},"end":{"line":9,"column":25}},"2":{"start":{"line":8,"column":2},"end":{"line":14,"column":9}}},"fnMap":{},"branchMap":{"0":{"loc":{"start":{"line":9,"column":28},"end":{"line":14,"column":9}},"type":"binary-expr","locations":[{"start":{"line":9,"column":28},"end":{"line":9,"column":36}},{"start":{"line":9,"column":28},"end":{"line":14,"column":9}}],"line":9}},"s":{"0":0,"1":0,"2":0},"f":{},"b":{"0":[0,0]},"meta":{"lastBranch":1,"lastFunction":0,"lastStatement":3,"seen":{"s:8:7:8:Infinity":0,"s:9:8:9:25":1,"s:8:2:14:9":2,"b:9:28:9:36:9:28:14:9":0}}}
,"C:\\Users\\Slike\\proga\\Internet_proga\\practice_3,7-vue_site\\vue-victorina_vitest\\src\\components\\NextComponent.vue": {"path":"C:\\Users\\Slike\\proga\\Internet_proga\\practice_3,7-vue_site\\vue-victorina_vitest\\src\\components\\NextComponent.vue","statementMap":{"0":{"start":{"line":2,"column":10},"end":{"line":2,"column":null}},"1":{"start":{"line":2,"column":2},"end":{"line":3,"column":47}}},"fnMap":{},"branchMap":{"0":{"loc":{"start":{"line":4,"column":11},"end":{"line":3,"column":47}},"type":"binary-expr","locations":[{"start":{"line":4,"column":11},"end":{"line":4,"column":null}},{"start":{"line":4,"column":11},"end":{"line":3,"column":47}}],"line":4}},"s":{"0":2,"1":13},"f":{},"b":{"0":[13,13]},"meta":{"lastBranch":0,"lastFunction":0,"lastStatement":0,"seen":{}}}
,"C:\\Users\\Slike\\proga\\Internet_proga\\practice_3,7-vue_site\\vue-victorina_vitest\\src\\components\\ProgressBarComponent.vue": {"path":"C:\\Users\\Slike\\proga\\Internet_proga\\practice_3,7-vue_site\\vue-victorina_vitest\\src\\components\\ProgressBarComponent.vue","statementMap":{"0":{"start":{"line":2,"column":14},"end":{"line":2,"column":null}},"1":{"start":{"line":6,"column":14},"end":{"line":6,"column":null}},"2":{"start":{"line":10,"column":7},"end":{"line":10,"column":null}},"3":{"start":{"line":12,"column":9},"end":{"line":12,"column":null}},"4":{"start":{"line":10,"column":2},"end":{"line":17,"column":null}},"5":{"start":{"line":13,"column":6},"end":{"line":17,"column":null}}},"fnMap":{"0":{"name":"(anonymous_0)","decl":{"start":{"line":14,"column":34},"end":{"line":14,"column":null}},"loc":{"start":{"line":14,"column":24},"end":{"line":17,"column":null}},"line":14}},"branchMap":{},"s":{"0":9,"1":9,"2":2,"3":2,"4":18,"5":105},"f":{"0":105},"b":{},"meta":{"lastBranch":0,"lastFunction":0,"lastStatement":0,"seen":{}}}
,"C:\\Users\\Slike\\proga\\Internet_proga\\practice_3,7-vue_site\\vue-victorina_vitest\\src\\components\\QuestionComponent.vue": {"path":"C:\\Users\\Slike\\proga\\Internet_proga\\practice_3,7-vue_site\\vue-victorina_vitest\\src\\components\\QuestionComponent.vue","statementMap":{"0":{"start":{"line":8,"column":5},"end":{"line":8,"column":25}},"1":{"start":{"line":8,"column":2},"end":{"line":8,"column":36}}},"fnMap":{},"branchMap":{},"s":{"0":2,"1":26},"f":{},"b":{},"meta":{"lastBranch":0,"lastFunction":0,"lastStatement":0,"seen":{}}}
,"C:\\Users\\Slike\\proga\\Internet_proga\\practice_3,7-vue_site\\vue-victorina_vitest\\src\\components\\ResultComponent.vue": {"path":"C:\\Users\\Slike\\proga\\Internet_proga\\practice_3,7-vue_site\\vue-victorina_vitest\\src\\components\\ResultComponent.vue","statementMap":{"0":{"start":{"line":14,"column":6},"end":{"line":21,"column":null}},"1":{"start":{"line":15,"column":2},"end":{"line":20,"column":null}},"2":{"start":{"line":16,"column":4},"end":{"line":18,"column":null}},"3":{"start":{"line":17,"column":6},"end":{"line":17,"column":null}},"4":{"start":{"line":19,"column":4},"end":{"line":19,"column":null}},"5":{"start":{"line":25,"column":2},"end":{"line":27,"column":27}}},"fnMap":{"0":{"name":"(anonymous_0)","decl":{"start":{"line":14,"column":28},"end":{"line":14,"column":34}},"loc":{"start":{"line":14,"column":34},"end":{"line":21,"column":1}},"line":14},"1":{"name":"(anonymous_1)","decl":{"start":{"line":15,"column":22},"end":{"line":15,"column":23}},"loc":{"start":{"line":15,"column":29},"end":{"line":20,"column":3}},"line":15}},"branchMap":{"0":{"loc":{"start":{"line":16,"column":4},"end":{"line":18,"column":null}},"type":"if","locations":[{"start":{"line":16,"column":4},"end":{"line":18,"column":null}},{"start":{},"end":{}}],"line":16}},"s":{"0":4,"1":4,"2":11,"3":5,"4":6,"5":4},"f":{"0":4,"1":11},"b":{"0":[5,6]},"meta":{"lastBranch":1,"lastFunction":2,"lastStatement":6,"seen":{"s:14:6:21:Infinity":0,"f:14:28:14:34":0,"s:15:2:20:Infinity":1,"f:15:22:15:23":1,"b:16:4:18:Infinity:undefined:undefined:undefined:undefined":0,"s:16:4:18:Infinity":2,"s:17:6:17:Infinity":3,"s:19:4:19:Infinity":4,"s:25:2:27:27":5}}}
,"C:\\Users\\Slike\\proga\\Internet_proga\\practice_3,7-vue_site\\vue-victorina_vitest\\src\\components\\TheWelcome.vue": {"path":"C:\\Users\\Slike\\proga\\Internet_proga\\practice_3,7-vue_site\\vue-victorina_vitest\\src\\components\\TheWelcome.vue","statementMap":{"0":{"start":{"line":9,"column":27},"end":{"line":9,"column":null}},"1":{"start":{"line":9,"column":33},"end":{"line":9,"column":null}},"2":{"start":{"line":15,"column":27},"end":{"line":15,"column":null}},"3":{"start":{"line":17,"column":36},"end":{"line":17,"column":47}},"4":{"start":{"line":20,"column":4},"end":{"line":22,"column":16}},"5":{"start":{"line":26,"column":21},"end":{"line":26,"column":null}},"6":{"start":{"line":28,"column":30},"end":{"line":28,"column":41}},"7":{"start":{"line":31,"column":4},"end":{"line":49,"column":16}},"8":{"start":{"line":53,"column":23},"end":{"line":53,"column":null}},"9":{"start":{"line":55,"column":32},"end":{"line":55,"column":43}},"10":{"start":{"line":58,"column":4},"end":{"line":65,"column":16}},"11":{"start":{"line":69,"column":23},"end":{"line":69,"column":null}},"12":{"start":{"line":71,"column":32},"end":{"line":71,"column":43}},"13":{"start":{"line":74,"column":4},"end":{"line":83,"column":16}},"14":{"start":{"line":87,"column":21},"end":{"line":87,"column":null}},"15":{"start":{"line":89,"column":34},"end":{"line":89,"column":45}},"16":{"start":{"line":93,"column":4},"end":{"line":94,"column":16}}},"fnMap":{"0":{"name":"(anonymous_0)","decl":{"start":{"line":9,"column":27},"end":{"line":9,"column":33}},"loc":{"start":{"line":9,"column":33},"end":{"line":9,"column":null}},"line":9},"1":{"name":"(anonymous_1)","decl":{"start":{"line":15,"column":6},"end":{"line":15,"column":27}},"loc":{"start":{"line":15,"column":27},"end":{"line":15,"column":null}},"line":15},"2":{"name":"(anonymous_2)","decl":{"start":{"line":17,"column":23},"end":{"line":17,"column":36}},"loc":{"start":{"line":17,"column":36},"end":{"line":17,"column":47}},"line":17},"3":{"name":"(anonymous_3)","decl":{"start":{"line":17,"column":47},"end":{"line":17,"column":null}},"loc":{"start":{"line":20,"column":4},"end":{"line":22,"column":16}},"line":20},"4":{"name":"(anonymous_4)","decl":{"start":{"line":26,"column":6},"end":{"line":26,"column":21}},"loc":{"start":{"line":26,"column":21},"end":{"line":26,"column":null}},"line":26},"5":{"name":"(anonymous_5)","decl":{"start":{"line":28,"column":23},"end":{"line":28,"column":30}},"loc":{"start":{"line":28,"column":30},"end":{"line":28,"column":41}},"line":28},"6":{"name":"(anonymous_6)","decl":{"start":{"line":28,"column":41},"end":{"line":28,"column":null}},"loc":{"start":{"line":31,"column":4},"end":{"line":49,"column":16}},"line":31},"7":{"name":"(anonymous_7)","decl":{"start":{"line":53,"column":6},"end":{"line":53,"column":23}},"loc":{"start":{"line":53,"column":23},"end":{"line":53,"column":null}},"line":53},"8":{"name":"(anonymous_8)","decl":{"start":{"line":55,"column":23},"end":{"line":55,"column":32}},"loc":{"start":{"line":55,"column":32},"end":{"line":55,"column":43}},"line":55},"9":{"name":"(anonymous_9)","decl":{"start":{"line":55,"column":43},"end":{"line":55,"column":null}},"loc":{"start":{"line":58,"column":4},"end":{"line":65,"column":16}},"line":58},"10":{"name":"(anonymous_10)","decl":{"start":{"line":69,"column":6},"end":{"line":69,"column":23}},"loc":{"start":{"line":69,"column":23},"end":{"line":69,"column":null}},"line":69},"11":{"name":"(anonymous_11)","decl":{"start":{"line":71,"column":23},"end":{"line":71,"column":32}},"loc":{"start":{"line":71,"column":32},"end":{"line":71,"column":43}},"line":71},"12":{"name":"(anonymous_12)","decl":{"start":{"line":71,"column":43},"end":{"line":71,"column":null}},"loc":{"start":{"line":74,"column":4},"end":{"line":83,"column":16}},"line":74},"13":{"name":"(anonymous_13)","decl":{"start":{"line":87,"column":6},"end":{"line":87,"column":21}},"loc":{"start":{"line":87,"column":21},"end":{"line":87,"column":null}},"line":87},"14":{"name":"(anonymous_14)","decl":{"start":{"line":89,"column":23},"end":{"line":89,"column":34}},"loc":{"start":{"line":89,"column":34},"end":{"line":89,"column":45}},"line":89},"15":{"name":"(anonymous_15)","decl":{"start":{"line":89,"column":45},"end":{"line":89,"column":null}},"loc":{"start":{"line":93,"column":4},"end":{"line":94,"column":16}},"line":93}},"branchMap":{"0":{"loc":{"start":{"line":17,"column":36},"end":{"line":17,"column":47}},"type":"binary-expr","locations":[{"start":{"line":17,"column":36},"end":{"line":17,"column":47}},{"start":{"line":17,"column":36},"end":{"line":17,"column":47}}],"line":17},"1":{"loc":{"start":{"line":20,"column":4},"end":{"line":20,"column":7}},"type":"binary-expr","locations":[{"start":{"line":20,"column":4},"end":{"line":20,"column":7}},{"start":{"line":20,"column":4},"end":{"line":20,"column":7}}],"line":20},"2":{"loc":{"start":{"line":20,"column":4},"end":{"line":20,"column":90}},"type":"binary-expr","locations":[{"start":{"line":20,"column":4},"end":{"line":20,"column":7}},{"start":{"line":20,"column":4},"end":{"line":20,"column":90}}],"line":20},"3":{"loc":{"start":{"line":20,"column":86},"end":{"line":22,"column":16}},"type":"binary-expr","locations":[{"start":{"line":20,"column":86},"end":{"line":20,"column":90}},{"start":{"line":20,"column":86},"end":{"line":22,"column":16}}],"line":20},"4":{"loc":{"start":{"line":28,"column":30},"end":{"line":28,"column":41}},"type":"binary-expr","locations":[{"start":{"line":28,"column":30},"end":{"line":28,"column":41}},{"start":{"line":28,"column":30},"end":{"line":28,"column":41}}],"line":28},"5":{"loc":{"start":{"line":31,"column":4},"end":{"line":31,"column":7}},"type":"binary-expr","locations":[{"start":{"line":31,"column":4},"end":{"line":31,"column":7}},{"start":{"line":31,"column":4},"end":{"line":31,"column":7}}],"line":31},"6":{"loc":{"start":{"line":31,"column":4},"end":{"line":31,"column":90}},"type":"binary-expr","locations":[{"start":{"line":31,"column":4},"end":{"line":31,"column":7}},{"start":{"line":31,"column":4},"end":{"line":31,"column":90}}],"line":31},"7":{"loc":{"start":{"line":31,"column":86},"end":{"line":33,"column":7}},"type":"binary-expr","locations":[{"start":{"line":31,"column":86},"end":{"line":31,"column":90}},{"start":{"line":31,"column":86},"end":{"line":33,"column":7}}],"line":31},"8":{"loc":{"start":{"line":33,"column":4},"end":{"line":33,"column":86}},"type":"binary-expr","locations":[{"start":{"line":33,"column":4},"end":{"line":33,"column":7}},{"start":{"line":33,"column":4},"end":{"line":33,"column":86}}],"line":33},"9":{"loc":{"start":{"line":33,"column":82},"end":{"line":35,"column":7}},"type":"binary-expr","locations":[{"start":{"line":33,"column":82},"end":{"line":33,"column":86}},{"start":{"line":33,"column":82},"end":{"line":35,"column":7}}],"line":33},"10":{"loc":{"start":{"line":35,"column":4},"end":{"line":36,"column":null}},"type":"binary-expr","locations":[{"start":{"line":35,"column":4},"end":{"line":35,"column":7}},{"start":{"line":35,"column":4},"end":{"line":36,"column":null}}],"line":35},"11":{"loc":{"start":{"line":36,"column":21},"end":{"line":38,"column":7}},"type":"binary-expr","locations":[{"start":{"line":36,"column":21},"end":{"line":36,"column":null}},{"start":{"line":36,"column":21},"end":{"line":38,"column":7}}],"line":36},"12":{"loc":{"start":{"line":38,"column":4},"end":{"line":38,"column":75}},"type":"binary-expr","locations":[{"start":{"line":38,"column":4},"end":{"line":38,"column":7}},{"start":{"line":38,"column":4},"end":{"line":38,"column":75}}],"line":38},"13":{"loc":{"start":{"line":38,"column":71},"end":{"line":40,"column":7}},"type":"binary-expr","locations":[{"start":{"line":38,"column":71},"end":{"line":38,"column":75}},{"start":{"line":38,"column":71},"end":{"line":40,"column":7}}],"line":38},"14":{"loc":{"start":{"line":40,"column":4},"end":{"line":40,"column":80}},"type":"binary-expr","locations":[{"start":{"line":40,"column":4},"end":{"line":40,"column":7}},{"start":{"line":40,"column":4},"end":{"line":40,"column":80}}],"line":40},"15":{"loc":{"start":{"line":40,"column":76},"end":{"line":42,"column":7}},"type":"binary-expr","locations":[{"start":{"line":40,"column":76},"end":{"line":40,"column":80}},{"start":{"line":40,"column":76},"end":{"line":42,"column":7}}],"line":40},"16":{"loc":{"start":{"line":42,"column":4},"end":{"line":42,"column":83}},"type":"binary-expr","locations":[{"start":{"line":42,"column":4},"end":{"line":42,"column":7}},{"start":{"line":42,"column":4},"end":{"line":42,"column":83}}],"line":42},"17":{"loc":{"start":{"line":42,"column":79},"end":{"line":44,"column":10}},"type":"binary-expr","locations":[{"start":{"line":42,"column":79},"end":{"line":42,"column":83}},{"start":{"line":42,"column":79},"end":{"line":44,"column":10}}],"line":42},"18":{"loc":{"start":{"line":44,"column":4},"end":{"line":44,"column":null}},"type":"binary-expr","locations":[{"start":{"line":44,"column":4},"end":{"line":44,"column":10}},{"start":{"line":44,"column":4},"end":{"line":44,"column":null}}],"line":44},"19":{"loc":{"start":{"line":44,"column":10},"end":{"line":47,"column":7}},"type":"binary-expr","locations":[{"start":{"line":44,"column":10},"end":{"line":44,"column":null}},{"start":{"line":44,"column":10},"end":{"line":47,"column":7}}],"line":44},"20":{"loc":{"start":{"line":47,"column":41},"end":{"line":47,"column":83}},"type":"binary-expr","locations":[{"start":{"line":47,"column":41},"end":{"line":47,"column":61}},{"start":{"line":47,"column":41},"end":{"line":47,"column":83}}],"line":47},"21":{"loc":{"start":{"line":55,"column":32},"end":{"line":55,"column":43}},"type":"binary-expr","locations":[{"start":{"line":55,"column":32},"end":{"line":55,"column":43}},{"start":{"line":55,"column":32},"end":{"line":55,"column":43}}],"line":55},"22":{"loc":{"start":{"line":58,"column":4},"end":{"line":58,"column":7}},"type":"binary-expr","locations":[{"start":{"line":58,"column":4},"end":{"line":58,"column":7}},{"start":{"line":58,"column":4},"end":{"line":58,"column":7}}],"line":58},"23":{"loc":{"start":{"line":58,"column":4},"end":{"line":58,"column":79}},"type":"binary-expr","locations":[{"start":{"line":58,"column":4},"end":{"line":58,"column":7}},{"start":{"line":58,"column":4},"end":{"line":58,"column":79}}],"line":58},"24":{"loc":{"start":{"line":58,"column":75},"end":{"line":59,"column":7}},"type":"binary-expr","locations":[{"start":{"line":58,"column":75},"end":{"line":58,"column":79}},{"start":{"line":58,"column":75},"end":{"line":59,"column":7}}],"line":58},"25":{"loc":{"start":{"line":59,"column":4},"end":{"line":59,"column":85}},"type":"binary-expr","locations":[{"start":{"line":59,"column":4},"end":{"line":59,"column":7}},{"start":{"line":59,"column":4},"end":{"line":59,"column":85}}],"line":59},"26":{"loc":{"start":{"line":59,"column":81},"end":{"line":60,"column":7}},"type":"binary-expr","locations":[{"start":{"line":59,"column":81},"end":{"line":59,"column":85}},{"start":{"line":59,"column":81},"end":{"line":60,"column":7}}],"line":59},"27":{"loc":{"start":{"line":60,"column":4},"end":{"line":60,"column":93}},"type":"binary-expr","locations":[{"start":{"line":60,"column":4},"end":{"line":60,"column":7}},{"start":{"line":60,"column":4},"end":{"line":60,"column":93}}],"line":60},"28":{"loc":{"start":{"line":60,"column":89},"end":{"line":61,"column":7}},"type":"binary-expr","locations":[{"start":{"line":60,"column":89},"end":{"line":60,"column":93}},{"start":{"line":60,"column":89},"end":{"line":61,"column":7}}],"line":60},"29":{"loc":{"start":{"line":61,"column":4},"end":{"line":61,"column":96}},"type":"binary-expr","locations":[{"start":{"line":61,"column":4},"end":{"line":61,"column":7}},{"start":{"line":61,"column":4},"end":{"line":61,"column":96}}],"line":61},"30":{"loc":{"start":{"line":61,"column":92},"end":{"line":63,"column":7}},"type":"binary-expr","locations":[{"start":{"line":61,"column":92},"end":{"line":61,"column":96}},{"start":{"line":61,"column":92},"end":{"line":63,"column":7}}],"line":61},"31":{"loc":{"start":{"line":63,"column":4},"end":{"line":63,"column":97}},"type":"binary-expr","locations":[{"start":{"line":63,"column":4},"end":{"line":63,"column":7}},{"start":{"line":63,"column":4},"end":{"line":63,"column":97}}],"line":63},"32":{"loc":{"start":{"line":63,"column":93},"end":{"line":65,"column":16}},"type":"binary-expr","locations":[{"start":{"line":63,"column":93},"end":{"line":63,"column":97}},{"start":{"line":63,"column":93},"end":{"line":65,"column":16}}],"line":63},"33":{"loc":{"start":{"line":71,"column":32},"end":{"line":71,"column":43}},"type":"binary-expr","locations":[{"start":{"line":71,"column":32},"end":{"line":71,"column":43}},{"start":{"line":71,"column":32},"end":{"line":71,"column":43}}],"line":71},"34":{"loc":{"start":{"line":74,"column":4},"end":{"line":74,"column":7}},"type":"binary-expr","locations":[{"start":{"line":74,"column":4},"end":{"line":74,"column":7}},{"start":{"line":74,"column":4},"end":{"line":74,"column":7}}],"line":74},"35":{"loc":{"start":{"line":74,"column":4},"end":{"line":74,"column":80}},"type":"binary-expr","locations":[{"start":{"line":74,"column":4},"end":{"line":74,"column":7}},{"start":{"line":74,"column":4},"end":{"line":74,"column":80}}],"line":74},"36":{"loc":{"start":{"line":74,"column":76},"end":{"line":76,"column":7}},"type":"binary-expr","locations":[{"start":{"line":74,"column":76},"end":{"line":74,"column":80}},{"start":{"line":74,"column":76},"end":{"line":76,"column":7}}],"line":74},"37":{"loc":{"start":{"line":76,"column":4},"end":{"line":77,"column":null}},"type":"binary-expr","locations":[{"start":{"line":76,"column":4},"end":{"line":76,"column":7}},{"start":{"line":76,"column":4},"end":{"line":77,"column":null}}],"line":76},"38":{"loc":{"start":{"line":77,"column":20},"end":{"line":79,"column":7}},"type":"binary-expr","locations":[{"start":{"line":77,"column":20},"end":{"line":77,"column":null}},{"start":{"line":77,"column":20},"end":{"line":79,"column":7}}],"line":77},"39":{"loc":{"start":{"line":79,"column":4},"end":{"line":79,"column":94}},"type":"binary-expr","locations":[{"start":{"line":79,"column":4},"end":{"line":79,"column":7}},{"start":{"line":79,"column":4},"end":{"line":79,"column":94}}],"line":79},"40":{"loc":{"start":{"line":79,"column":90},"end":{"line":81,"column":7}},"type":"binary-expr","locations":[{"start":{"line":79,"column":90},"end":{"line":79,"column":94}},{"start":{"line":79,"column":90},"end":{"line":81,"column":7}}],"line":79},"41":{"loc":{"start":{"line":81,"column":4},"end":{"line":81,"column":75}},"type":"binary-expr","locations":[{"start":{"line":81,"column":4},"end":{"line":81,"column":7}},{"start":{"line":81,"column":4},"end":{"line":81,"column":75}}],"line":81},"42":{"loc":{"start":{"line":81,"column":71},"end":{"line":83,"column":16}},"type":"binary-expr","locations":[{"start":{"line":81,"column":71},"end":{"line":81,"column":75}},{"start":{"line":81,"column":71},"end":{"line":83,"column":16}}],"line":81},"43":{"loc":{"start":{"line":89,"column":34},"end":{"line":89,"column":45}},"type":"binary-expr","locations":[{"start":{"line":89,"column":34},"end":{"line":89,"column":45}},{"start":{"line":89,"column":34},"end":{"line":89,"column":45}}],"line":89},"44":{"loc":{"start":{"line":93,"column":4},"end":{"line":93,"column":7}},"type":"binary-expr","locations":[{"start":{"line":93,"column":4},"end":{"line":93,"column":7}},{"start":{"line":93,"column":4},"end":{"line":93,"column":7}}],"line":93},"45":{"loc":{"start":{"line":93,"column":4},"end":{"line":93,"column":94}},"type":"binary-expr","locations":[{"start":{"line":93,"column":4},"end":{"line":93,"column":7}},{"start":{"line":93,"column":4},"end":{"line":93,"column":94}}],"line":93},"46":{"loc":{"start":{"line":93,"column":90},"end":{"line":94,"column":16}},"type":"binary-expr","locations":[{"start":{"line":93,"column":90},"end":{"line":93,"column":94}},{"start":{"line":93,"column":90},"end":{"line":94,"column":16}}],"line":93}},"s":{"0":0,"1":0,"2":0,"3":0,"4":0,"5":0,"6":0,"7":0,"8":0,"9":0,"10":0,"11":0,"12":0,"13":0,"14":0,"15":0,"16":0},"f":{"0":0,"1":0,"2":0,"3":0,"4":0,"5":0,"6":0,"7":0,"8":0,"9":0,"10":0,"11":0,"12":0,"13":0,"14":0,"15":0},"b":{"0":[0,0],"1":[0,0],"2":[0,0],"3":[0,0],"4":[0,0],"5":[0,0],"6":[0,0],"7":[0,0],"8":[0,0],"9":[0,0],"10":[0,0],"11":[0,0],"12":[0,0],"13":[0,0],"14":[0,0],"15":[0,0],"16":[0,0],"17":[0,0],"18":[0,0],"19":[0,0],"20":[0,0],"21":[0,0],"22":[0,0],"23":[0,0],"24":[0,0],"25":[0,0],"26":[0,0],"27":[0,0],"28":[0,0],"29":[0,0],"30":[0,0],"31":[0,0],"32":[0,0],"33":[0,0],"34":[0,0],"35":[0,0],"36":[0,0],"37":[0,0],"38":[0,0],"39":[0,0],"40":[0,0],"41":[0,0],"42":[0,0],"43":[0,0],"44":[0,0],"45":[0,0],"46":[0,0]},"meta":{"lastBranch":47,"lastFunction":16,"lastStatement":17,"seen":{"s:9:27:9:Infinity":0,"f:9:27:9:33":0,"s:9:33:9:Infinity":1,"f:15:6:15:27":1,"s:15:27:15:Infinity":2,"f:17:23:17:36":2,"s:17:36:17:47":3,"b:17:36:17:47:17:36:17:47":0,"f:17:47:17:Infinity":3,"s:20:4:22:16":4,"b:20:4:20:7:20:4:20:7":1,"b:20:4:20:7:20:4:20:90":2,"b:20:86:20:90:20:86:22:16":3,"f:26:6:26:21":4,"s:26:21:26:Infinity":5,"f:28:23:28:30":5,"s:28:30:28:41":6,"b:28:30:28:41:28:30:28:41":4,"f:28:41:28:Infinity":6,"s:31:4:49:16":7,"b:31:4:31:7:31:4:31:7":5,"b:31:4:31:7:31:4:31:90":6,"b:31:86:31:90:31:86:33:7":7,"b:33:4:33:7:33:4:33:86":8,"b:33:82:33:86:33:82:35:7":9,"b:35:4:35:7:35:4:36:Infinity":10,"b:36:21:36:Infinity:36:21:38:7":11,"b:38:4:38:7:38:4:38:75":12,"b:38:71:38:75:38:71:40:7":13,"b:40:4:40:7:40:4:40:80":14,"b:40:76:40:80:40:76:42:7":15,"b:42:4:42:7:42:4:42:83":16,"b:42:79:42:83:42:79:44:10":17,"b:44:4:44:10:44:4:44:Infinity":18,"b:44:10:44:Infinity:44:10:47:7":19,"b:47:41:47:61:47:41:47:83":20,"f:53:6:53:23":7,"s:53:23:53:Infinity":8,"f:55:23:55:32":8,"s:55:32:55:43":9,"b:55:32:55:43:55:32:55:43":21,"f:55:43:55:Infinity":9,"s:58:4:65:16":10,"b:58:4:58:7:58:4:58:7":22,"b:58:4:58:7:58:4:58:79":23,"b:58:75:58:79:58:75:59:7":24,"b:59:4:59:7:59:4:59:85":25,"b:59:81:59:85:59:81:60:7":26,"b:60:4:60:7:60:4:60:93":27,"b:60:89:60:93:60:89:61:7":28,"b:61:4:61:7:61:4:61:96":29,"b:61:92:61:96:61:92:63:7":30,"b:63:4:63:7:63:4:63:97":31,"b:63:93:63:97:63:93:65:16":32,"f:69:6:69:23":10,"s:69:23:69:Infinity":11,"f:71:23:71:32":11,"s:71:32:71:43":12,"b:71:32:71:43:71:32:71:43":33,"f:71:43:71:Infinity":12,"s:74:4:83:16":13,"b:74:4:74:7:74:4:74:7":34,"b:74:4:74:7:74:4:74:80":35,"b:74:76:74:80:74:76:76:7":36,"b:76:4:76:7:76:4:77:Infinity":37,"b:77:20:77:Infinity:77:20:79:7":38,"b:79:4:79:7:79:4:79:94":39,"b:79:90:79:94:79:90:81:7":40,"b:81:4:81:7:81:4:81:75":41,"b:81:71:81:75:81:71:83:16":42,"f:87:6:87:21":13,"s:87:21:87:Infinity":14,"f:89:23:89:34":14,"s:89:34:89:45":15,"b:89:34:89:45:89:34:89:45":43,"f:89:45:89:Infinity":15,"s:93:4:94:16":16,"b:93:4:93:7:93:4:93:7":44,"b:93:4:93:7:93:4:93:94":45,"b:93:90:93:94:93:90:94:16":46}}}
,"C:\\Users\\Slike\\proga\\Internet_proga\\practice_3,7-vue_site\\vue-victorina_vitest\\src\\components\\WelcomeItem.vue": {"path":"C:\\Users\\Slike\\proga\\Internet_proga\\practice_3,7-vue_site\\vue-victorina_vitest\\src\\components\\WelcomeItem.vue","statementMap":{"0":{"start":{"line":2,"column":7},"end":{"line":2,"column":null}},"1":{"start":{"line":6,"column":9},"end":{"line":6,"column":null}},"2":{"start":{"line":2,"column":2},"end":{"line":10,"column":null}}},"fnMap":{},"branchMap":{},"s":{"0":0,"1":0,"2":0},"f":{},"b":{},"meta":{"lastBranch":0,"lastFunction":0,"lastStatement":3,"seen":{"s:2:7:2:Infinity":0,"s:6:9:6:Infinity":1,"s:2:2:10:Infinity":2}}}
,"C:\\Users\\Slike\\proga\\Internet_proga\\practice_3,7-vue_site\\vue-victorina_vitest\\src\\components\\icons\\IconCommunity.vue": {"path":"C:\\Users\\Slike\\proga\\Internet_proga\\practice_3,7-vue_site\\vue-victorina_vitest\\src\\components\\icons\\IconCommunity.vue","statementMap":{"0":{"start":{"line":2,"column":2},"end":{"line":4,"column":null}}},"fnMap":{},"branchMap":{"0":{"loc":{"start":{"line":6,"column":8},"end":{"line":4,"column":null}},"type":"binary-expr","locations":[{"start":{"line":6,"column":8},"end":{"line":6,"column":null}},{"start":{"line":6,"column":8},"end":{"line":4,"column":null}}],"line":6}},"s":{"0":0},"f":{},"b":{"0":[0,0]},"meta":{"lastBranch":1,"lastFunction":0,"lastStatement":1,"seen":{"s:2:2:4:Infinity":0,"b:6:8:6:Infinity:6:8:4:Infinity":0}}}
,"C:\\Users\\Slike\\proga\\Internet_proga\\practice_3,7-vue_site\\vue-victorina_vitest\\src\\components\\icons\\IconDocumentation.vue": {"path":"C:\\Users\\Slike\\proga\\Internet_proga\\practice_3,7-vue_site\\vue-victorina_vitest\\src\\components\\icons\\IconDocumentation.vue","statementMap":{"0":{"start":{"line":2,"column":2},"end":{"line":4,"column":null}}},"fnMap":{},"branchMap":{"0":{"loc":{"start":{"line":6,"column":8},"end":{"line":4,"column":null}},"type":"binary-expr","locations":[{"start":{"line":6,"column":8},"end":{"line":6,"column":null}},{"start":{"line":6,"column":8},"end":{"line":4,"column":null}}],"line":6}},"s":{"0":0},"f":{},"b":{"0":[0,0]},"meta":{"lastBranch":1,"lastFunction":0,"lastStatement":1,"seen":{"s:2:2:4:Infinity":0,"b:6:8:6:Infinity:6:8:4:Infinity":0}}}
,"C:\\Users\\Slike\\proga\\Internet_proga\\practice_3,7-vue_site\\vue-victorina_vitest\\src\\components\\icons\\IconEcosystem.vue": {"path":"C:\\Users\\Slike\\proga\\Internet_proga\\practice_3,7-vue_site\\vue-victorina_vitest\\src\\components\\icons\\IconEcosystem.vue","statementMap":{"0":{"start":{"line":2,"column":2},"end":{"line":4,"column":null}}},"fnMap":{},"branchMap":{"0":{"loc":{"start":{"line":6,"column":8},"end":{"line":4,"column":null}},"type":"binary-expr","locations":[{"start":{"line":6,"column":8},"end":{"line":6,"column":null}},{"start":{"line":6,"column":8},"end":{"line":4,"column":null}}],"line":6}},"s":{"0":0},"f":{},"b":{"0":[0,0]},"meta":{"lastBranch":1,"lastFunction":0,"lastStatement":1,"seen":{"s:2:2:4:Infinity":0,"b:6:8:6:Infinity:6:8:4:Infinity":0}}}
,"C:\\Users\\Slike\\proga\\Internet_proga\\practice_3,7-vue_site\\vue-victorina_vitest\\src\\components\\icons\\IconSupport.vue": {"path":"C:\\Users\\Slike\\proga\\Internet_proga\\practice_3,7-vue_site\\vue-victorina_vitest\\src\\components\\icons\\IconSupport.vue","statementMap":{"0":{"start":{"line":2,"column":2},"end":{"line":4,"column":null}}},"fnMap":{},"branchMap":{"0":{"loc":{"start":{"line":6,"column":8},"end":{"line":4,"column":null}},"type":"binary-expr","locations":[{"start":{"line":6,"column":8},"end":{"line":6,"column":null}},{"start":{"line":6,"column":8},"end":{"line":4,"column":null}}],"line":6}},"s":{"0":0},"f":{},"b":{"0":[0,0]},"meta":{"lastBranch":1,"lastFunction":0,"lastStatement":1,"seen":{"s:2:2:4:Infinity":0,"b:6:8:6:Infinity:6:8:4:Infinity":0}}}
,"C:\\Users\\Slike\\proga\\Internet_proga\\practice_3,7-vue_site\\vue-victorina_vitest\\src\\components\\icons\\IconTooling.vue": {"path":"C:\\Users\\Slike\\proga\\Internet_proga\\practice_3,7-vue_site\\vue-victorina_vitest\\src\\components\\icons\\IconTooling.vue","statementMap":{"0":{"start":{"line":3,"column":2},"end":{"line":16,"column":null}}},"fnMap":{},"branchMap":{"0":{"loc":{"start":{"line":18,"column":8},"end":{"line":16,"column":null}},"type":"binary-expr","locations":[{"start":{"line":18,"column":8},"end":{"line":18,"column":null}},{"start":{"line":18,"column":8},"end":{"line":16,"column":null}}],"line":18}},"s":{"0":0},"f":{},"b":{"0":[0,0]},"meta":{"lastBranch":1,"lastFunction":0,"lastStatement":1,"seen":{"s:3:2:16:Infinity":0,"b:18:8:18:Infinity:18:8:16:Infinity":0}}}
,"C:\\Users\\Slike\\proga\\Internet_proga\\practice_3,7-vue_site\\vue-victorina_vitest\\src\\router\\index.ts": {"path":"C:\\Users\\Slike\\proga\\Internet_proga\\practice_3,7-vue_site\\vue-victorina_vitest\\src\\router\\index.ts","statementMap":{"0":{"start":{"line":4,"column":6},"end":{"line":21,"column":null}},"1":{"start":{"line":18,"column":23},"end":{"line":18,"column":null}}},"fnMap":{"0":{"name":"(anonymous_0)","decl":{"start":{"line":18,"column":17},"end":{"line":18,"column":23}},"loc":{"start":{"line":18,"column":23},"end":{"line":18,"column":null}},"line":18}},"branchMap":{},"s":{"0":0,"1":0},"f":{"0":0},"b":{},"meta":{"lastBranch":0,"lastFunction":1,"lastStatement":2,"seen":{"s:4:6:21:Infinity":0,"f:18:17:18:23":0,"s:18:23:18:Infinity":1}}}
,"C:\\Users\\Slike\\proga\\Internet_proga\\practice_3,7-vue_site\\vue-victorina_vitest\\src\\stores\\counter.ts": {"path":"C:\\Users\\Slike\\proga\\Internet_proga\\practice_3,7-vue_site\\vue-victorina_vitest\\src\\stores\\counter.ts","statementMap":{"0":{"start":{"line":4,"column":13},"end":{"line":12,"column":null}},"1":{"start":{"line":5,"column":8},"end":{"line":5,"column":null}},"2":{"start":{"line":6,"column":8},"end":{"line":6,"column":null}},"3":{"start":{"line":6,"column":37},"end":{"line":6,"column":52}},"4":{"start":{"line":8,"column":4},"end":{"line":8,"column":null}},"5":{"start":{"line":11,"column":2},"end":{"line":11,"column":null}}},"fnMap":{"0":{"name":"(anonymous_0)","decl":{"start":{"line":4,"column":54},"end":{"line":4,"column":60}},"loc":{"start":{"line":4,"column":60},"end":{"line":12,"column":1}},"line":4},"1":{"name":"(anonymous_1)","decl":{"start":{"line":6,"column":31},"end":{"line":6,"column":37}},"loc":{"start":{"line":6,"column":37},"end":{"line":6,"column":52}},"line":6},"2":{"name":"increment","decl":{"start":{"line":7,"column":11},"end":{"line":7,"column":23}},"loc":{"start":{"line":7,"column":23},"end":{"line":9,"column":null}},"line":7}},"branchMap":{},"s":{"0":0,"1":0,"2":0,"3":0,"4":0,"5":0},"f":{"0":0,"1":0,"2":0},"b":{},"meta":{"lastBranch":0,"lastFunction":3,"lastStatement":6,"seen":{"s:4:13:12:Infinity":0,"f:4:54:4:60":0,"s:5:8:5:Infinity":1,"s:6:8:6:Infinity":2,"f:6:31:6:37":1,"s:6:37:6:52":3,"f:7:11:7:23":2,"s:8:4:8:Infinity":4,"s:11:2:11:Infinity":5}}}
,"C:\\Users\\Slike\\proga\\Internet_proga\\practice_3,7-vue_site\\vue-victorina_vitest\\src\\views\\AboutView.vue": {"path":"C:\\Users\\Slike\\proga\\Internet_proga\\practice_3,7-vue_site\\vue-victorina_vitest\\src\\views\\AboutView.vue","statementMap":{"0":{"start":{"line":2,"column":7},"end":{"line":2,"column":null}},"1":{"start":{"line":2,"column":2},"end":{"line":3,"column":34}}},"fnMap":{},"branchMap":{"0":{"loc":{"start":{"line":4,"column":8},"end":{"line":3,"column":34}},"type":"binary-expr","locations":[{"start":{"line":4,"column":8},"end":{"line":4,"column":null}},{"start":{"line":4,"column":8},"end":{"line":3,"column":34}}],"line":4}},"s":{"0":0,"1":0},"f":{},"b":{"0":[0,0]},"meta":{"lastBranch":1,"lastFunction":0,"lastStatement":2,"seen":{"s:2:7:2:Infinity":0,"s:2:2:3:34":1,"b:4:8:4:Infinity:4:8:3:34":0}}}
,"C:\\Users\\Slike\\proga\\Internet_proga\\practice_3,7-vue_site\\vue-victorina_vitest\\src\\views\\HomeView.vue": {"path":"C:\\Users\\Slike\\proga\\Internet_proga\\practice_3,7-vue_site\\vue-victorina_vitest\\src\\views\\HomeView.vue","statementMap":{"0":{"start":{"line":6,"column":2},"end":{"line":7,"column":null}}},"fnMap":{},"branchMap":{},"s":{"0":0},"f":{},"b":{},"meta":{"lastBranch":0,"lastFunction":0,"lastStatement":1,"seen":{"s:6:2:7:Infinity":0}}}
}
